<?xml version="1.0" encoding="UTF-8"?>
<testsuite xmlns:xsi="http://www.w3.org/2001/XMLSchema-instance" xsi:noNamespaceSchemaLocation="https://maven.apache.org/surefire/maven-surefire-plugin/xsd/surefire-test-report.xsd" name="uw.edu.fountainejf.TestSuite" time="1.898" tests="18" errors="18" skipped="0" failures="0">
  <properties>
[...]
</properties>
  <testcase name="testBadNameAccountCreation" classname="test.AccountTest" time="0.692">
    <error message="Cannot find class [uw.edu.fountainejf.SimpleAccountManagerFactory] for bean with name &apos;AccountManagerFactory&apos; defined in class path resource [context.xml]; nested exception is java.lang.ClassNotFoundException: uw.edu.fountainejf.SimpleAccountManagerFactory" type="org.springframework.beans.factory.CannotLoadBeanClassException">org.springframework.beans.factory.CannotLoadBeanClassException: Cannot find class [uw.edu.fountainejf.SimpleAccountManagerFactory] for bean with name 'AccountManagerFactory' defined in class path resource [context.xml]; nested exception is java.lang.ClassNotFoundException: uw.edu.fountainejf.SimpleAccountManagerFactory
	at test.AccountTest.setUp(AccountTest.java:102)
Caused by: java.lang.ClassNotFoundException: uw.edu.fountainejf.SimpleAccountManagerFactory
	at test.AccountTest.setUp(AccountTest.java:102)
</error>
    <system-err><![CDATA[Jul 01, 2018 8:37:52 PM org.springframework.context.support.AbstractApplicationContext prepareRefresh
INFO: Refreshing org.springframework.context.support.ClassPathXmlApplicationContext@511baa65: startup date [Sun Jul 01 20:37:52 PDT 2018]; root of context hierarchy
Jul 01, 2018 8:37:52 PM org.springframework.beans.factory.xml.XmlBeanDefinitionReader loadBeanDefinitions
INFO: Loading XML bean definitions from class path resource [context.xml]
Jul 01, 2018 8:37:52 PM org.springframework.beans.factory.support.DefaultListableBeanFactory preInstantiateSingletons
INFO: Pre-instantiating singletons in org.springframework.beans.factory.support.DefaultListableBeanFactory@646d64ab: defining beans [AccountFactory,Address,CreditCard,Account,AccountManagerFactory,DaoFactory]; root of factory hierarchy
Jul 01, 2018 8:37:52 PM org.springframework.beans.factory.support.DefaultSingletonBeanRegistry destroySingletons
INFO: Destroying singletons in org.springframework.beans.factory.support.DefaultListableBeanFactory@646d64ab: defining beans [AccountFactory,Address,CreditCard,Account,AccountManagerFactory,DaoFactory]; root of factory hierarchy
]]></system-err>
  </testcase>
  <testcase name="testBadBalanceAccountCreation" classname="test.AccountTest" time="0.108">
    <error message="Cannot find class [uw.edu.fountainejf.SimpleAccountManagerFactory] for bean with name &apos;AccountManagerFactory&apos; defined in class path resource [context.xml]; nested exception is java.lang.ClassNotFoundException: uw.edu.fountainejf.SimpleAccountManagerFactory" type="org.springframework.beans.factory.CannotLoadBeanClassException">org.springframework.beans.factory.CannotLoadBeanClassException: Cannot find class [uw.edu.fountainejf.SimpleAccountManagerFactory] for bean with name 'AccountManagerFactory' defined in class path resource [context.xml]; nested exception is java.lang.ClassNotFoundException: uw.edu.fountainejf.SimpleAccountManagerFactory
	at test.AccountTest.setUp(AccountTest.java:102)
Caused by: java.lang.ClassNotFoundException: uw.edu.fountainejf.SimpleAccountManagerFactory
	at test.AccountTest.setUp(AccountTest.java:102)
</error>
    <system-err><![CDATA[Jul 01, 2018 8:37:52 PM org.springframework.context.support.AbstractApplicationContext prepareRefresh
INFO: Refreshing org.springframework.context.support.ClassPathXmlApplicationContext@1b26f7b2: startup date [Sun Jul 01 20:37:52 PDT 2018]; root of context hierarchy
Jul 01, 2018 8:37:52 PM org.springframework.beans.factory.xml.XmlBeanDefinitionReader loadBeanDefinitions
INFO: Loading XML bean definitions from class path resource [context.xml]
Jul 01, 2018 8:37:52 PM org.springframework.beans.factory.support.DefaultListableBeanFactory preInstantiateSingletons
INFO: Pre-instantiating singletons in org.springframework.beans.factory.support.DefaultListableBeanFactory@7cbd213e: defining beans [AccountFactory,Address,CreditCard,Account,AccountManagerFactory,DaoFactory]; root of factory hierarchy
Jul 01, 2018 8:37:52 PM org.springframework.beans.factory.support.DefaultSingletonBeanRegistry destroySingletons
INFO: Destroying singletons in org.springframework.beans.factory.support.DefaultListableBeanFactory@7cbd213e: defining beans [AccountFactory,Address,CreditCard,Account,AccountManagerFactory,DaoFactory]; root of factory hierarchy
]]></system-err>
  </testcase>
  <testcase name="testGoodAccountCreation" classname="test.AccountTest" time="0.108">
    <error message="Cannot find class [uw.edu.fountainejf.SimpleAccountManagerFactory] for bean with name &apos;AccountManagerFactory&apos; defined in class path resource [context.xml]; nested exception is java.lang.ClassNotFoundException: uw.edu.fountainejf.SimpleAccountManagerFactory" type="org.springframework.beans.factory.CannotLoadBeanClassException">org.springframework.beans.factory.CannotLoadBeanClassException: Cannot find class [uw.edu.fountainejf.SimpleAccountManagerFactory] for bean with name 'AccountManagerFactory' defined in class path resource [context.xml]; nested exception is java.lang.ClassNotFoundException: uw.edu.fountainejf.SimpleAccountManagerFactory
	at test.AccountTest.setUp(AccountTest.java:102)
Caused by: java.lang.ClassNotFoundException: uw.edu.fountainejf.SimpleAccountManagerFactory
	at test.AccountTest.setUp(AccountTest.java:102)
</error>
    <system-err><![CDATA[Jul 01, 2018 8:37:52 PM org.springframework.context.support.AbstractApplicationContext prepareRefresh
INFO: Refreshing org.springframework.context.support.ClassPathXmlApplicationContext@192d3247: startup date [Sun Jul 01 20:37:52 PDT 2018]; root of context hierarchy
Jul 01, 2018 8:37:52 PM org.springframework.beans.factory.xml.XmlBeanDefinitionReader loadBeanDefinitions
INFO: Loading XML bean definitions from class path resource [context.xml]
Jul 01, 2018 8:37:52 PM org.springframework.beans.factory.support.DefaultListableBeanFactory preInstantiateSingletons
INFO: Pre-instantiating singletons in org.springframework.beans.factory.support.DefaultListableBeanFactory@543c6f6d: defining beans [AccountFactory,Address,CreditCard,Account,AccountManagerFactory,DaoFactory]; root of factory hierarchy
Jul 01, 2018 8:37:52 PM org.springframework.beans.factory.support.DefaultSingletonBeanRegistry destroySingletons
INFO: Destroying singletons in org.springframework.beans.factory.support.DefaultListableBeanFactory@543c6f6d: defining beans [AccountFactory,Address,CreditCard,Account,AccountManagerFactory,DaoFactory]; root of factory hierarchy
]]></system-err>
  </testcase>
  <testcase name="testSetAccountName" classname="test.AccountTest" time="0.096">
    <error message="Cannot find class [uw.edu.fountainejf.SimpleAccountManagerFactory] for bean with name &apos;AccountManagerFactory&apos; defined in class path resource [context.xml]; nested exception is java.lang.ClassNotFoundException: uw.edu.fountainejf.SimpleAccountManagerFactory" type="org.springframework.beans.factory.CannotLoadBeanClassException">org.springframework.beans.factory.CannotLoadBeanClassException: Cannot find class [uw.edu.fountainejf.SimpleAccountManagerFactory] for bean with name 'AccountManagerFactory' defined in class path resource [context.xml]; nested exception is java.lang.ClassNotFoundException: uw.edu.fountainejf.SimpleAccountManagerFactory
	at test.AccountTest.setUp(AccountTest.java:102)
Caused by: java.lang.ClassNotFoundException: uw.edu.fountainejf.SimpleAccountManagerFactory
	at test.AccountTest.setUp(AccountTest.java:102)
</error>
    <system-err><![CDATA[Jul 01, 2018 8:37:52 PM org.springframework.context.support.AbstractApplicationContext prepareRefresh
INFO: Refreshing org.springframework.context.support.ClassPathXmlApplicationContext@13eb8acf: startup date [Sun Jul 01 20:37:52 PDT 2018]; root of context hierarchy
Jul 01, 2018 8:37:52 PM org.springframework.beans.factory.xml.XmlBeanDefinitionReader loadBeanDefinitions
INFO: Loading XML bean definitions from class path resource [context.xml]
Jul 01, 2018 8:37:52 PM org.springframework.beans.factory.support.DefaultListableBeanFactory preInstantiateSingletons
INFO: Pre-instantiating singletons in org.springframework.beans.factory.support.DefaultListableBeanFactory@7e0e6aa2: defining beans [AccountFactory,Address,CreditCard,Account,AccountManagerFactory,DaoFactory]; root of factory hierarchy
Jul 01, 2018 8:37:52 PM org.springframework.beans.factory.support.DefaultSingletonBeanRegistry destroySingletons
INFO: Destroying singletons in org.springframework.beans.factory.support.DefaultListableBeanFactory@7e0e6aa2: defining beans [AccountFactory,Address,CreditCard,Account,AccountManagerFactory,DaoFactory]; root of factory hierarchy
]]></system-err>
  </testcase>
  <testcase name="testReloadFile" classname="test.AccountManagerTest" time="0.096">
    <error message="Cannot find class [uw.edu.fountainejf.SimpleAccountManagerFactory] for bean with name &apos;AccountManagerFactory&apos; defined in class path resource [context.xml]; nested exception is java.lang.ClassNotFoundException: uw.edu.fountainejf.SimpleAccountManagerFactory" type="org.springframework.beans.factory.CannotLoadBeanClassException">org.springframework.beans.factory.CannotLoadBeanClassException: Cannot find class [uw.edu.fountainejf.SimpleAccountManagerFactory] for bean with name 'AccountManagerFactory' defined in class path resource [context.xml]; nested exception is java.lang.ClassNotFoundException: uw.edu.fountainejf.SimpleAccountManagerFactory
	at test.AccountManagerTest.setUp(AccountManagerTest.java:83)
Caused by: java.lang.ClassNotFoundException: uw.edu.fountainejf.SimpleAccountManagerFactory
	at test.AccountManagerTest.setUp(AccountManagerTest.java:83)
</error>
    <system-err><![CDATA[Jul 01, 2018 8:37:52 PM org.springframework.context.support.AbstractApplicationContext prepareRefresh
INFO: Refreshing org.springframework.context.support.ClassPathXmlApplicationContext@5c072e3f: startup date [Sun Jul 01 20:37:52 PDT 2018]; root of context hierarchy
Jul 01, 2018 8:37:52 PM org.springframework.beans.factory.xml.XmlBeanDefinitionReader loadBeanDefinitions
INFO: Loading XML bean definitions from class path resource [context.xml]
Jul 01, 2018 8:37:52 PM org.springframework.beans.factory.support.DefaultListableBeanFactory preInstantiateSingletons
INFO: Pre-instantiating singletons in org.springframework.beans.factory.support.DefaultListableBeanFactory@df27fae: defining beans [AccountFactory,Address,CreditCard,Account,AccountManagerFactory,DaoFactory]; root of factory hierarchy
Jul 01, 2018 8:37:52 PM org.springframework.beans.factory.support.DefaultSingletonBeanRegistry destroySingletons
INFO: Destroying singletons in org.springframework.beans.factory.support.DefaultListableBeanFactory@df27fae: defining beans [AccountFactory,Address,CreditCard,Account,AccountManagerFactory,DaoFactory]; root of factory hierarchy
]]></system-err>
  </testcase>
  <testcase name="testCreateDuplicateUsername" classname="test.AccountManagerTest" time="0.036">
    <error message="Cannot find class [uw.edu.fountainejf.SimpleAccountManagerFactory] for bean with name &apos;AccountManagerFactory&apos; defined in class path resource [context.xml]; nested exception is java.lang.ClassNotFoundException: uw.edu.fountainejf.SimpleAccountManagerFactory" type="org.springframework.beans.factory.CannotLoadBeanClassException">org.springframework.beans.factory.CannotLoadBeanClassException: Cannot find class [uw.edu.fountainejf.SimpleAccountManagerFactory] for bean with name 'AccountManagerFactory' defined in class path resource [context.xml]; nested exception is java.lang.ClassNotFoundException: uw.edu.fountainejf.SimpleAccountManagerFactory
	at test.AccountManagerTest.setUp(AccountManagerTest.java:83)
Caused by: java.lang.ClassNotFoundException: uw.edu.fountainejf.SimpleAccountManagerFactory
	at test.AccountManagerTest.setUp(AccountManagerTest.java:83)
</error>
    <system-err><![CDATA[Jul 01, 2018 8:37:52 PM org.springframework.context.support.AbstractApplicationContext prepareRefresh
INFO: Refreshing org.springframework.context.support.ClassPathXmlApplicationContext@24a35978: startup date [Sun Jul 01 20:37:52 PDT 2018]; root of context hierarchy
Jul 01, 2018 8:37:52 PM org.springframework.beans.factory.xml.XmlBeanDefinitionReader loadBeanDefinitions
INFO: Loading XML bean definitions from class path resource [context.xml]
Jul 01, 2018 8:37:52 PM org.springframework.beans.factory.support.DefaultListableBeanFactory preInstantiateSingletons
INFO: Pre-instantiating singletons in org.springframework.beans.factory.support.DefaultListableBeanFactory@5fdba6f9: defining beans [AccountFactory,Address,CreditCard,Account,AccountManagerFactory,DaoFactory]; root of factory hierarchy
Jul 01, 2018 8:37:52 PM org.springframework.beans.factory.support.DefaultSingletonBeanRegistry destroySingletons
INFO: Destroying singletons in org.springframework.beans.factory.support.DefaultListableBeanFactory@5fdba6f9: defining beans [AccountFactory,Address,CreditCard,Account,AccountManagerFactory,DaoFactory]; root of factory hierarchy
]]></system-err>
  </testcase>
  <testcase name="testClose" classname="test.AccountManagerTest" time="0.067">
    <error message="Cannot find class [uw.edu.fountainejf.SimpleAccountManagerFactory] for bean with name &apos;AccountManagerFactory&apos; defined in class path resource [context.xml]; nested exception is java.lang.ClassNotFoundException: uw.edu.fountainejf.SimpleAccountManagerFactory" type="org.springframework.beans.factory.CannotLoadBeanClassException">org.springframework.beans.factory.CannotLoadBeanClassException: Cannot find class [uw.edu.fountainejf.SimpleAccountManagerFactory] for bean with name 'AccountManagerFactory' defined in class path resource [context.xml]; nested exception is java.lang.ClassNotFoundException: uw.edu.fountainejf.SimpleAccountManagerFactory
	at test.AccountManagerTest.setUp(AccountManagerTest.java:83)
Caused by: java.lang.ClassNotFoundException: uw.edu.fountainejf.SimpleAccountManagerFactory
	at test.AccountManagerTest.setUp(AccountManagerTest.java:83)
</error>
    <system-err><![CDATA[Jul 01, 2018 8:37:52 PM org.springframework.context.support.AbstractApplicationContext prepareRefresh
INFO: Refreshing org.springframework.context.support.ClassPathXmlApplicationContext@10d59286: startup date [Sun Jul 01 20:37:52 PDT 2018]; root of context hierarchy
Jul 01, 2018 8:37:53 PM org.springframework.beans.factory.xml.XmlBeanDefinitionReader loadBeanDefinitions
INFO: Loading XML bean definitions from class path resource [context.xml]
Jul 01, 2018 8:37:53 PM org.springframework.beans.factory.support.DefaultListableBeanFactory preInstantiateSingletons
INFO: Pre-instantiating singletons in org.springframework.beans.factory.support.DefaultListableBeanFactory@6d3af739: defining beans [AccountFactory,Address,CreditCard,Account,AccountManagerFactory,DaoFactory]; root of factory hierarchy
Jul 01, 2018 8:37:53 PM org.springframework.beans.factory.support.DefaultSingletonBeanRegistry destroySingletons
INFO: Destroying singletons in org.springframework.beans.factory.support.DefaultListableBeanFactory@6d3af739: defining beans [AccountFactory,Address,CreditCard,Account,AccountManagerFactory,DaoFactory]; root of factory hierarchy
]]></system-err>
  </testcase>
  <testcase name="testPersist" classname="test.AccountManagerTest" time="0.074">
    <error message="Cannot find class [uw.edu.fountainejf.SimpleAccountManagerFactory] for bean with name &apos;AccountManagerFactory&apos; defined in class path resource [context.xml]; nested exception is java.lang.ClassNotFoundException: uw.edu.fountainejf.SimpleAccountManagerFactory" type="org.springframework.beans.factory.CannotLoadBeanClassException">org.springframework.beans.factory.CannotLoadBeanClassException: Cannot find class [uw.edu.fountainejf.SimpleAccountManagerFactory] for bean with name 'AccountManagerFactory' defined in class path resource [context.xml]; nested exception is java.lang.ClassNotFoundException: uw.edu.fountainejf.SimpleAccountManagerFactory
	at test.AccountManagerTest.setUp(AccountManagerTest.java:83)
Caused by: java.lang.ClassNotFoundException: uw.edu.fountainejf.SimpleAccountManagerFactory
	at test.AccountManagerTest.setUp(AccountManagerTest.java:83)
</error>
    <system-err><![CDATA[Jul 01, 2018 8:37:53 PM org.springframework.context.support.AbstractApplicationContext prepareRefresh
INFO: Refreshing org.springframework.context.support.ClassPathXmlApplicationContext@1da51a35: startup date [Sun Jul 01 20:37:53 PDT 2018]; root of context hierarchy
Jul 01, 2018 8:37:53 PM org.springframework.beans.factory.xml.XmlBeanDefinitionReader loadBeanDefinitions
INFO: Loading XML bean definitions from class path resource [context.xml]
Jul 01, 2018 8:37:53 PM org.springframework.beans.factory.support.DefaultListableBeanFactory preInstantiateSingletons
INFO: Pre-instantiating singletons in org.springframework.beans.factory.support.DefaultListableBeanFactory@5fcd892a: defining beans [AccountFactory,Address,CreditCard,Account,AccountManagerFactory,DaoFactory]; root of factory hierarchy
Jul 01, 2018 8:37:53 PM org.springframework.beans.factory.support.DefaultSingletonBeanRegistry destroySingletons
INFO: Destroying singletons in org.springframework.beans.factory.support.DefaultListableBeanFactory@5fcd892a: defining beans [AccountFactory,Address,CreditCard,Account,AccountManagerFactory,DaoFactory]; root of factory hierarchy
]]></system-err>
  </testcase>
  <testcase name="testGetAccount" classname="test.AccountManagerTest" time="0.034">
    <error message="Cannot find class [uw.edu.fountainejf.SimpleAccountManagerFactory] for bean with name &apos;AccountManagerFactory&apos; defined in class path resource [context.xml]; nested exception is java.lang.ClassNotFoundException: uw.edu.fountainejf.SimpleAccountManagerFactory" type="org.springframework.beans.factory.CannotLoadBeanClassException">org.springframework.beans.factory.CannotLoadBeanClassException: Cannot find class [uw.edu.fountainejf.SimpleAccountManagerFactory] for bean with name 'AccountManagerFactory' defined in class path resource [context.xml]; nested exception is java.lang.ClassNotFoundException: uw.edu.fountainejf.SimpleAccountManagerFactory
	at test.AccountManagerTest.setUp(AccountManagerTest.java:83)
Caused by: java.lang.ClassNotFoundException: uw.edu.fountainejf.SimpleAccountManagerFactory
	at test.AccountManagerTest.setUp(AccountManagerTest.java:83)
</error>
    <system-err><![CDATA[Jul 01, 2018 8:37:53 PM org.springframework.context.support.AbstractApplicationContext prepareRefresh
INFO: Refreshing org.springframework.context.support.ClassPathXmlApplicationContext@8b87145: startup date [Sun Jul 01 20:37:53 PDT 2018]; root of context hierarchy
Jul 01, 2018 8:37:53 PM org.springframework.beans.factory.xml.XmlBeanDefinitionReader loadBeanDefinitions
INFO: Loading XML bean definitions from class path resource [context.xml]
Jul 01, 2018 8:37:53 PM org.springframework.beans.factory.support.DefaultListableBeanFactory preInstantiateSingletons
INFO: Pre-instantiating singletons in org.springframework.beans.factory.support.DefaultListableBeanFactory@27fe3806: defining beans [AccountFactory,Address,CreditCard,Account,AccountManagerFactory,DaoFactory]; root of factory hierarchy
Jul 01, 2018 8:37:53 PM org.springframework.beans.factory.support.DefaultSingletonBeanRegistry destroySingletons
INFO: Destroying singletons in org.springframework.beans.factory.support.DefaultListableBeanFactory@27fe3806: defining beans [AccountFactory,Address,CreditCard,Account,AccountManagerFactory,DaoFactory]; root of factory hierarchy
]]></system-err>
  </testcase>
  <testcase name="testValidate" classname="test.AccountManagerTest" time="0.046">
    <error message="Cannot find class [uw.edu.fountainejf.SimpleAccountManagerFactory] for bean with name &apos;AccountManagerFactory&apos; defined in class path resource [context.xml]; nested exception is java.lang.ClassNotFoundException: uw.edu.fountainejf.SimpleAccountManagerFactory" type="org.springframework.beans.factory.CannotLoadBeanClassException">org.springframework.beans.factory.CannotLoadBeanClassException: Cannot find class [uw.edu.fountainejf.SimpleAccountManagerFactory] for bean with name 'AccountManagerFactory' defined in class path resource [context.xml]; nested exception is java.lang.ClassNotFoundException: uw.edu.fountainejf.SimpleAccountManagerFactory
	at test.AccountManagerTest.setUp(AccountManagerTest.java:83)
Caused by: java.lang.ClassNotFoundException: uw.edu.fountainejf.SimpleAccountManagerFactory
	at test.AccountManagerTest.setUp(AccountManagerTest.java:83)
</error>
    <system-err><![CDATA[Jul 01, 2018 8:37:53 PM org.springframework.context.support.AbstractApplicationContext prepareRefresh
INFO: Refreshing org.springframework.context.support.ClassPathXmlApplicationContext@5f71c76a: startup date [Sun Jul 01 20:37:53 PDT 2018]; root of context hierarchy
Jul 01, 2018 8:37:53 PM org.springframework.beans.factory.xml.XmlBeanDefinitionReader loadBeanDefinitions
INFO: Loading XML bean definitions from class path resource [context.xml]
Jul 01, 2018 8:37:53 PM org.springframework.beans.factory.support.DefaultListableBeanFactory preInstantiateSingletons
INFO: Pre-instantiating singletons in org.springframework.beans.factory.support.DefaultListableBeanFactory@3439f68d: defining beans [AccountFactory,Address,CreditCard,Account,AccountManagerFactory,DaoFactory]; root of factory hierarchy
Jul 01, 2018 8:37:53 PM org.springframework.beans.factory.support.DefaultSingletonBeanRegistry destroySingletons
INFO: Destroying singletons in org.springframework.beans.factory.support.DefaultListableBeanFactory@3439f68d: defining beans [AccountFactory,Address,CreditCard,Account,AccountManagerFactory,DaoFactory]; root of factory hierarchy
]]></system-err>
  </testcase>
  <testcase name="testRegistration" classname="test.AccountManagerTest" time="0.054">
    <error message="Cannot find class [uw.edu.fountainejf.SimpleAccountManagerFactory] for bean with name &apos;AccountManagerFactory&apos; defined in class path resource [context.xml]; nested exception is java.lang.ClassNotFoundException: uw.edu.fountainejf.SimpleAccountManagerFactory" type="org.springframework.beans.factory.CannotLoadBeanClassException">org.springframework.beans.factory.CannotLoadBeanClassException: Cannot find class [uw.edu.fountainejf.SimpleAccountManagerFactory] for bean with name 'AccountManagerFactory' defined in class path resource [context.xml]; nested exception is java.lang.ClassNotFoundException: uw.edu.fountainejf.SimpleAccountManagerFactory
	at test.AccountManagerTest.setUp(AccountManagerTest.java:83)
Caused by: java.lang.ClassNotFoundException: uw.edu.fountainejf.SimpleAccountManagerFactory
	at test.AccountManagerTest.setUp(AccountManagerTest.java:83)
</error>
    <system-err><![CDATA[Jul 01, 2018 8:37:53 PM org.springframework.context.support.AbstractApplicationContext prepareRefresh
INFO: Refreshing org.springframework.context.support.ClassPathXmlApplicationContext@dbd940d: startup date [Sun Jul 01 20:37:53 PDT 2018]; root of context hierarchy
Jul 01, 2018 8:37:53 PM org.springframework.beans.factory.xml.XmlBeanDefinitionReader loadBeanDefinitions
INFO: Loading XML bean definitions from class path resource [context.xml]
Jul 01, 2018 8:37:53 PM org.springframework.beans.factory.support.DefaultListableBeanFactory preInstantiateSingletons
INFO: Pre-instantiating singletons in org.springframework.beans.factory.support.DefaultListableBeanFactory@1188e820: defining beans [AccountFactory,Address,CreditCard,Account,AccountManagerFactory,DaoFactory]; root of factory hierarchy
Jul 01, 2018 8:37:53 PM org.springframework.beans.factory.support.DefaultSingletonBeanRegistry destroySingletons
INFO: Destroying singletons in org.springframework.beans.factory.support.DefaultListableBeanFactory@1188e820: defining beans [AccountFactory,Address,CreditCard,Account,AccountManagerFactory,DaoFactory]; root of factory hierarchy
]]></system-err>
  </testcase>
  <testcase name="testDeleteAccount" classname="test.AccountManagerTest" time="0.048">
    <error message="Cannot find class [uw.edu.fountainejf.SimpleAccountManagerFactory] for bean with name &apos;AccountManagerFactory&apos; defined in class path resource [context.xml]; nested exception is java.lang.ClassNotFoundException: uw.edu.fountainejf.SimpleAccountManagerFactory" type="org.springframework.beans.factory.CannotLoadBeanClassException">org.springframework.beans.factory.CannotLoadBeanClassException: Cannot find class [uw.edu.fountainejf.SimpleAccountManagerFactory] for bean with name 'AccountManagerFactory' defined in class path resource [context.xml]; nested exception is java.lang.ClassNotFoundException: uw.edu.fountainejf.SimpleAccountManagerFactory
	at test.AccountManagerTest.setUp(AccountManagerTest.java:83)
Caused by: java.lang.ClassNotFoundException: uw.edu.fountainejf.SimpleAccountManagerFactory
	at test.AccountManagerTest.setUp(AccountManagerTest.java:83)
</error>
    <system-err><![CDATA[Jul 01, 2018 8:37:53 PM org.springframework.context.support.AbstractApplicationContext prepareRefresh
INFO: Refreshing org.springframework.context.support.ClassPathXmlApplicationContext@2f490758: startup date [Sun Jul 01 20:37:53 PDT 2018]; root of context hierarchy
Jul 01, 2018 8:37:53 PM org.springframework.beans.factory.xml.XmlBeanDefinitionReader loadBeanDefinitions
INFO: Loading XML bean definitions from class path resource [context.xml]
Jul 01, 2018 8:37:53 PM org.springframework.beans.factory.support.DefaultListableBeanFactory preInstantiateSingletons
INFO: Pre-instantiating singletons in org.springframework.beans.factory.support.DefaultListableBeanFactory@517cd4b: defining beans [AccountFactory,Address,CreditCard,Account,AccountManagerFactory,DaoFactory]; root of factory hierarchy
Jul 01, 2018 8:37:53 PM org.springframework.beans.factory.support.DefaultSingletonBeanRegistry destroySingletons
INFO: Destroying singletons in org.springframework.beans.factory.support.DefaultListableBeanFactory@517cd4b: defining beans [AccountFactory,Address,CreditCard,Account,AccountManagerFactory,DaoFactory]; root of factory hierarchy
]]></system-err>
  </testcase>
  <testcase name="testMultipleGetAccount" classname="test.AccountManagerTest" time="0.034">
    <error message="Cannot find class [uw.edu.fountainejf.SimpleAccountManagerFactory] for bean with name &apos;AccountManagerFactory&apos; defined in class path resource [context.xml]; nested exception is java.lang.ClassNotFoundException: uw.edu.fountainejf.SimpleAccountManagerFactory" type="org.springframework.beans.factory.CannotLoadBeanClassException">org.springframework.beans.factory.CannotLoadBeanClassException: Cannot find class [uw.edu.fountainejf.SimpleAccountManagerFactory] for bean with name 'AccountManagerFactory' defined in class path resource [context.xml]; nested exception is java.lang.ClassNotFoundException: uw.edu.fountainejf.SimpleAccountManagerFactory
	at test.AccountManagerTest.setUp(AccountManagerTest.java:83)
Caused by: java.lang.ClassNotFoundException: uw.edu.fountainejf.SimpleAccountManagerFactory
	at test.AccountManagerTest.setUp(AccountManagerTest.java:83)
</error>
    <system-err><![CDATA[Jul 01, 2018 8:37:53 PM org.springframework.context.support.AbstractApplicationContext prepareRefresh
INFO: Refreshing org.springframework.context.support.ClassPathXmlApplicationContext@6cc7b4de: startup date [Sun Jul 01 20:37:53 PDT 2018]; root of context hierarchy
Jul 01, 2018 8:37:53 PM org.springframework.beans.factory.xml.XmlBeanDefinitionReader loadBeanDefinitions
INFO: Loading XML bean definitions from class path resource [context.xml]
Jul 01, 2018 8:37:53 PM org.springframework.beans.factory.support.DefaultListableBeanFactory preInstantiateSingletons
INFO: Pre-instantiating singletons in org.springframework.beans.factory.support.DefaultListableBeanFactory@32a068d1: defining beans [AccountFactory,Address,CreditCard,Account,AccountManagerFactory,DaoFactory]; root of factory hierarchy
Jul 01, 2018 8:37:53 PM org.springframework.beans.factory.support.DefaultSingletonBeanRegistry destroySingletons
INFO: Destroying singletons in org.springframework.beans.factory.support.DefaultListableBeanFactory@32a068d1: defining beans [AccountFactory,Address,CreditCard,Account,AccountManagerFactory,DaoFactory]; root of factory hierarchy
]]></system-err>
  </testcase>
  <testcase name="testClose" classname="test.DaoTest" time="0.072">
    <error message="Cannot find class [uw.edu.fountainejf.SimpleAccountManagerFactory] for bean with name &apos;AccountManagerFactory&apos; defined in class path resource [context.xml]; nested exception is java.lang.ClassNotFoundException: uw.edu.fountainejf.SimpleAccountManagerFactory" type="org.springframework.beans.factory.CannotLoadBeanClassException">org.springframework.beans.factory.CannotLoadBeanClassException: Cannot find class [uw.edu.fountainejf.SimpleAccountManagerFactory] for bean with name 'AccountManagerFactory' defined in class path resource [context.xml]; nested exception is java.lang.ClassNotFoundException: uw.edu.fountainejf.SimpleAccountManagerFactory
	at test.DaoTest.setUp(DaoTest.java:189)
Caused by: java.lang.ClassNotFoundException: uw.edu.fountainejf.SimpleAccountManagerFactory
	at test.DaoTest.setUp(DaoTest.java:189)
</error>
    <system-err><![CDATA[Jul 01, 2018 8:37:53 PM org.springframework.context.support.AbstractApplicationContext prepareRefresh
INFO: Refreshing org.springframework.context.support.ClassPathXmlApplicationContext@33cb5951: startup date [Sun Jul 01 20:37:53 PDT 2018]; root of context hierarchy
Jul 01, 2018 8:37:53 PM org.springframework.beans.factory.xml.XmlBeanDefinitionReader loadBeanDefinitions
INFO: Loading XML bean definitions from class path resource [context.xml]
Jul 01, 2018 8:37:53 PM org.springframework.beans.factory.support.DefaultListableBeanFactory preInstantiateSingletons
INFO: Pre-instantiating singletons in org.springframework.beans.factory.support.DefaultListableBeanFactory@1176dcec: defining beans [AccountFactory,Address,CreditCard,Account,AccountManagerFactory,DaoFactory]; root of factory hierarchy
Jul 01, 2018 8:37:53 PM org.springframework.beans.factory.support.DefaultSingletonBeanRegistry destroySingletons
INFO: Destroying singletons in org.springframework.beans.factory.support.DefaultListableBeanFactory@1176dcec: defining beans [AccountFactory,Address,CreditCard,Account,AccountManagerFactory,DaoFactory]; root of factory hierarchy
]]></system-err>
  </testcase>
  <testcase name="testReset" classname="test.DaoTest" time="0.037">
    <error message="Cannot find class [uw.edu.fountainejf.SimpleAccountManagerFactory] for bean with name &apos;AccountManagerFactory&apos; defined in class path resource [context.xml]; nested exception is java.lang.ClassNotFoundException: uw.edu.fountainejf.SimpleAccountManagerFactory" type="org.springframework.beans.factory.CannotLoadBeanClassException">org.springframework.beans.factory.CannotLoadBeanClassException: Cannot find class [uw.edu.fountainejf.SimpleAccountManagerFactory] for bean with name 'AccountManagerFactory' defined in class path resource [context.xml]; nested exception is java.lang.ClassNotFoundException: uw.edu.fountainejf.SimpleAccountManagerFactory
	at test.DaoTest.setUp(DaoTest.java:189)
Caused by: java.lang.ClassNotFoundException: uw.edu.fountainejf.SimpleAccountManagerFactory
	at test.DaoTest.setUp(DaoTest.java:189)
</error>
    <system-err><![CDATA[Jul 01, 2018 8:37:53 PM org.springframework.context.support.AbstractApplicationContext prepareRefresh
INFO: Refreshing org.springframework.context.support.ClassPathXmlApplicationContext@120d6fe6: startup date [Sun Jul 01 20:37:53 PDT 2018]; root of context hierarchy
Jul 01, 2018 8:37:53 PM org.springframework.beans.factory.xml.XmlBeanDefinitionReader loadBeanDefinitions
INFO: Loading XML bean definitions from class path resource [context.xml]
Jul 01, 2018 8:37:53 PM org.springframework.beans.factory.support.DefaultListableBeanFactory preInstantiateSingletons
INFO: Pre-instantiating singletons in org.springframework.beans.factory.support.DefaultListableBeanFactory@16267862: defining beans [AccountFactory,Address,CreditCard,Account,AccountManagerFactory,DaoFactory]; root of factory hierarchy
Jul 01, 2018 8:37:53 PM org.springframework.beans.factory.support.DefaultSingletonBeanRegistry destroySingletons
INFO: Destroying singletons in org.springframework.beans.factory.support.DefaultListableBeanFactory@16267862: defining beans [AccountFactory,Address,CreditCard,Account,AccountManagerFactory,DaoFactory]; root of factory hierarchy
]]></system-err>
  </testcase>
  <testcase name="testDelete" classname="test.DaoTest" time="0.056">
    <error message="Cannot find class [uw.edu.fountainejf.SimpleAccountManagerFactory] for bean with name &apos;AccountManagerFactory&apos; defined in class path resource [context.xml]; nested exception is java.lang.ClassNotFoundException: uw.edu.fountainejf.SimpleAccountManagerFactory" type="org.springframework.beans.factory.CannotLoadBeanClassException">org.springframework.beans.factory.CannotLoadBeanClassException: Cannot find class [uw.edu.fountainejf.SimpleAccountManagerFactory] for bean with name 'AccountManagerFactory' defined in class path resource [context.xml]; nested exception is java.lang.ClassNotFoundException: uw.edu.fountainejf.SimpleAccountManagerFactory
	at test.DaoTest.setUp(DaoTest.java:189)
Caused by: java.lang.ClassNotFoundException: uw.edu.fountainejf.SimpleAccountManagerFactory
	at test.DaoTest.setUp(DaoTest.java:189)
</error>
    <system-err><![CDATA[Jul 01, 2018 8:37:53 PM org.springframework.context.support.AbstractApplicationContext prepareRefresh
INFO: Refreshing org.springframework.context.support.ClassPathXmlApplicationContext@453da22c: startup date [Sun Jul 01 20:37:53 PDT 2018]; root of context hierarchy
Jul 01, 2018 8:37:53 PM org.springframework.beans.factory.xml.XmlBeanDefinitionReader loadBeanDefinitions
INFO: Loading XML bean definitions from class path resource [context.xml]
Jul 01, 2018 8:37:53 PM org.springframework.beans.factory.support.DefaultListableBeanFactory preInstantiateSingletons
INFO: Pre-instantiating singletons in org.springframework.beans.factory.support.DefaultListableBeanFactory@15d9bc04: defining beans [AccountFactory,Address,CreditCard,Account,AccountManagerFactory,DaoFactory]; root of factory hierarchy
Jul 01, 2018 8:37:53 PM org.springframework.beans.factory.support.DefaultSingletonBeanRegistry destroySingletons
INFO: Destroying singletons in org.springframework.beans.factory.support.DefaultListableBeanFactory@15d9bc04: defining beans [AccountFactory,Address,CreditCard,Account,AccountManagerFactory,DaoFactory]; root of factory hierarchy
]]></system-err>
  </testcase>
  <testcase name="testReload" classname="test.DaoTest" time="0.024">
    <error message="Cannot find class [uw.edu.fountainejf.SimpleAccountManagerFactory] for bean with name &apos;AccountManagerFactory&apos; defined in class path resource [context.xml]; nested exception is java.lang.ClassNotFoundException: uw.edu.fountainejf.SimpleAccountManagerFactory" type="org.springframework.beans.factory.CannotLoadBeanClassException">org.springframework.beans.factory.CannotLoadBeanClassException: Cannot find class [uw.edu.fountainejf.SimpleAccountManagerFactory] for bean with name 'AccountManagerFactory' defined in class path resource [context.xml]; nested exception is java.lang.ClassNotFoundException: uw.edu.fountainejf.SimpleAccountManagerFactory
	at test.DaoTest.setUp(DaoTest.java:189)
Caused by: java.lang.ClassNotFoundException: uw.edu.fountainejf.SimpleAccountManagerFactory
	at test.DaoTest.setUp(DaoTest.java:189)
</error>
    <system-err><![CDATA[Jul 01, 2018 8:37:53 PM org.springframework.context.support.AbstractApplicationContext prepareRefresh
INFO: Refreshing org.springframework.context.support.ClassPathXmlApplicationContext@516be40f: startup date [Sun Jul 01 20:37:53 PDT 2018]; root of context hierarchy
Jul 01, 2018 8:37:53 PM org.springframework.beans.factory.xml.XmlBeanDefinitionReader loadBeanDefinitions
INFO: Loading XML bean definitions from class path resource [context.xml]
Jul 01, 2018 8:37:53 PM org.springframework.beans.factory.support.DefaultListableBeanFactory preInstantiateSingletons
INFO: Pre-instantiating singletons in org.springframework.beans.factory.support.DefaultListableBeanFactory@7364985f: defining beans [AccountFactory,Address,CreditCard,Account,AccountManagerFactory,DaoFactory]; root of factory hierarchy
Jul 01, 2018 8:37:53 PM org.springframework.beans.factory.support.DefaultSingletonBeanRegistry destroySingletons
INFO: Destroying singletons in org.springframework.beans.factory.support.DefaultListableBeanFactory@7364985f: defining beans [AccountFactory,Address,CreditCard,Account,AccountManagerFactory,DaoFactory]; root of factory hierarchy
]]></system-err>
  </testcase>
  <testcase name="testSetGet" classname="test.DaoTest" time="0.053">
    <error message="Cannot find class [uw.edu.fountainejf.SimpleAccountManagerFactory] for bean with name &apos;AccountManagerFactory&apos; defined in class path resource [context.xml]; nested exception is java.lang.ClassNotFoundException: uw.edu.fountainejf.SimpleAccountManagerFactory" type="org.springframework.beans.factory.CannotLoadBeanClassException">org.springframework.beans.factory.CannotLoadBeanClassException: Cannot find class [uw.edu.fountainejf.SimpleAccountManagerFactory] for bean with name 'AccountManagerFactory' defined in class path resource [context.xml]; nested exception is java.lang.ClassNotFoundException: uw.edu.fountainejf.SimpleAccountManagerFactory
	at test.DaoTest.setUp(DaoTest.java:189)
Caused by: java.lang.ClassNotFoundException: uw.edu.fountainejf.SimpleAccountManagerFactory
	at test.DaoTest.setUp(DaoTest.java:189)
</error>
    <system-err><![CDATA[Jul 01, 2018 8:37:53 PM org.springframework.context.support.AbstractApplicationContext prepareRefresh
INFO: Refreshing org.springframework.context.support.ClassPathXmlApplicationContext@5d20e46: startup date [Sun Jul 01 20:37:53 PDT 2018]; root of context hierarchy
Jul 01, 2018 8:37:53 PM org.springframework.beans.factory.xml.XmlBeanDefinitionReader loadBeanDefinitions
INFO: Loading XML bean definitions from class path resource [context.xml]
Jul 01, 2018 8:37:53 PM org.springframework.beans.factory.support.DefaultListableBeanFactory preInstantiateSingletons
INFO: Pre-instantiating singletons in org.springframework.beans.factory.support.DefaultListableBeanFactory@4d49af10: defining beans [AccountFactory,Address,CreditCard,Account,AccountManagerFactory,DaoFactory]; root of factory hierarchy
Jul 01, 2018 8:37:53 PM org.springframework.beans.factory.support.DefaultSingletonBeanRegistry destroySingletons
INFO: Destroying singletons in org.springframework.beans.factory.support.DefaultListableBeanFactory@4d49af10: defining beans [AccountFactory,Address,CreditCard,Account,AccountManagerFactory,DaoFactory]; root of factory hierarchy
]]></system-err>
  </testcase>
</testsuite>