<?xml version="1.0" encoding="UTF-8"?>
<testsuite xmlns:xsi="http://www.w3.org/2001/XMLSchema-instance" xsi:noNamespaceSchemaLocation="https://maven.apache.org/surefire/maven-surefire-plugin/xsd/surefire-test-report.xsd" name="uw.edu.fountainejf.TestSuite" time="22.881" tests="6" errors="0" skipped="0" failures="0">
  <properties>
[...]
</properties>
  <testcase name="testRequestQuote" classname="test.BrokerTest" time="0.469"/>
  <testcase name="testClose" classname="test.BrokerTest" time="0.035"/>
  <testcase name="testGetAccount" classname="test.BrokerTest" time="0.129"/>
  <testcase name="testBrokerExchangeOpen" classname="test.BrokerTest" time="10.059"/>
  <testcase name="testDeleteAccount" classname="test.BrokerTest" time="0.05"/>
  <testcase name="testBrokerExchangeClosed" classname="test.BrokerTest" time="12.074"/>
</testsuite>