-------------------------------------------------------------------------------
Test set: uw.edu.fountainejf.TestSuite
-------------------------------------------------------------------------------
Tests run: 18, Failures: 0, Errors: 18, Skipped: 0, Time elapsed: 1.898 s <<< FAILURE! - in uw.edu.fountainejf.TestSuite
testBadNameAccountCreation(test.AccountTest)  Time elapsed: 0.692 s  <<< ERROR!
org.springframework.beans.factory.CannotLoadBeanClassException: Cannot find class [uw.edu.fountainejf.SimpleAccountManagerFactory] for bean with name 'AccountManagerFactory' defined in class path resource [context.xml]; nested exception is java.lang.ClassNotFoundException: uw.edu.fountainejf.SimpleAccountManagerFactory
	at test.AccountTest.setUp(AccountTest.java:102)
Caused by: java.lang.ClassNotFoundException: uw.edu.fountainejf.SimpleAccountManagerFactory
	at test.AccountTest.setUp(AccountTest.java:102)

testBadBalanceAccountCreation(test.AccountTest)  Time elapsed: 0.108 s  <<< ERROR!
org.springframework.beans.factory.CannotLoadBeanClassException: Cannot find class [uw.edu.fountainejf.SimpleAccountManagerFactory] for bean with name 'AccountManagerFactory' defined in class path resource [context.xml]; nested exception is java.lang.ClassNotFoundException: uw.edu.fountainejf.SimpleAccountManagerFactory
	at test.AccountTest.setUp(AccountTest.java:102)
Caused by: java.lang.ClassNotFoundException: uw.edu.fountainejf.SimpleAccountManagerFactory
	at test.AccountTest.setUp(AccountTest.java:102)

testGoodAccountCreation(test.AccountTest)  Time elapsed: 0.108 s  <<< ERROR!
org.springframework.beans.factory.CannotLoadBeanClassException: Cannot find class [uw.edu.fountainejf.SimpleAccountManagerFactory] for bean with name 'AccountManagerFactory' defined in class path resource [context.xml]; nested exception is java.lang.ClassNotFoundException: uw.edu.fountainejf.SimpleAccountManagerFactory
	at test.AccountTest.setUp(AccountTest.java:102)
Caused by: java.lang.ClassNotFoundException: uw.edu.fountainejf.SimpleAccountManagerFactory
	at test.AccountTest.setUp(AccountTest.java:102)

testSetAccountName(test.AccountTest)  Time elapsed: 0.096 s  <<< ERROR!
org.springframework.beans.factory.CannotLoadBeanClassException: Cannot find class [uw.edu.fountainejf.SimpleAccountManagerFactory] for bean with name 'AccountManagerFactory' defined in class path resource [context.xml]; nested exception is java.lang.ClassNotFoundException: uw.edu.fountainejf.SimpleAccountManagerFactory
	at test.AccountTest.setUp(AccountTest.java:102)
Caused by: java.lang.ClassNotFoundException: uw.edu.fountainejf.SimpleAccountManagerFactory
	at test.AccountTest.setUp(AccountTest.java:102)

testReloadFile(test.AccountManagerTest)  Time elapsed: 0.096 s  <<< ERROR!
org.springframework.beans.factory.CannotLoadBeanClassException: Cannot find class [uw.edu.fountainejf.SimpleAccountManagerFactory] for bean with name 'AccountManagerFactory' defined in class path resource [context.xml]; nested exception is java.lang.ClassNotFoundException: uw.edu.fountainejf.SimpleAccountManagerFactory
	at test.AccountManagerTest.setUp(AccountManagerTest.java:83)
Caused by: java.lang.ClassNotFoundException: uw.edu.fountainejf.SimpleAccountManagerFactory
	at test.AccountManagerTest.setUp(AccountManagerTest.java:83)

testCreateDuplicateUsername(test.AccountManagerTest)  Time elapsed: 0.036 s  <<< ERROR!
org.springframework.beans.factory.CannotLoadBeanClassException: Cannot find class [uw.edu.fountainejf.SimpleAccountManagerFactory] for bean with name 'AccountManagerFactory' defined in class path resource [context.xml]; nested exception is java.lang.ClassNotFoundException: uw.edu.fountainejf.SimpleAccountManagerFactory
	at test.AccountManagerTest.setUp(AccountManagerTest.java:83)
Caused by: java.lang.ClassNotFoundException: uw.edu.fountainejf.SimpleAccountManagerFactory
	at test.AccountManagerTest.setUp(AccountManagerTest.java:83)

testClose(test.AccountManagerTest)  Time elapsed: 0.067 s  <<< ERROR!
org.springframework.beans.factory.CannotLoadBeanClassException: Cannot find class [uw.edu.fountainejf.SimpleAccountManagerFactory] for bean with name 'AccountManagerFactory' defined in class path resource [context.xml]; nested exception is java.lang.ClassNotFoundException: uw.edu.fountainejf.SimpleAccountManagerFactory
	at test.AccountManagerTest.setUp(AccountManagerTest.java:83)
Caused by: java.lang.ClassNotFoundException: uw.edu.fountainejf.SimpleAccountManagerFactory
	at test.AccountManagerTest.setUp(AccountManagerTest.java:83)

testPersist(test.AccountManagerTest)  Time elapsed: 0.074 s  <<< ERROR!
org.springframework.beans.factory.CannotLoadBeanClassException: Cannot find class [uw.edu.fountainejf.SimpleAccountManagerFactory] for bean with name 'AccountManagerFactory' defined in class path resource [context.xml]; nested exception is java.lang.ClassNotFoundException: uw.edu.fountainejf.SimpleAccountManagerFactory
	at test.AccountManagerTest.setUp(AccountManagerTest.java:83)
Caused by: java.lang.ClassNotFoundException: uw.edu.fountainejf.SimpleAccountManagerFactory
	at test.AccountManagerTest.setUp(AccountManagerTest.java:83)

testGetAccount(test.AccountManagerTest)  Time elapsed: 0.034 s  <<< ERROR!
org.springframework.beans.factory.CannotLoadBeanClassException: Cannot find class [uw.edu.fountainejf.SimpleAccountManagerFactory] for bean with name 'AccountManagerFactory' defined in class path resource [context.xml]; nested exception is java.lang.ClassNotFoundException: uw.edu.fountainejf.SimpleAccountManagerFactory
	at test.AccountManagerTest.setUp(AccountManagerTest.java:83)
Caused by: java.lang.ClassNotFoundException: uw.edu.fountainejf.SimpleAccountManagerFactory
	at test.AccountManagerTest.setUp(AccountManagerTest.java:83)

testValidate(test.AccountManagerTest)  Time elapsed: 0.046 s  <<< ERROR!
org.springframework.beans.factory.CannotLoadBeanClassException: Cannot find class [uw.edu.fountainejf.SimpleAccountManagerFactory] for bean with name 'AccountManagerFactory' defined in class path resource [context.xml]; nested exception is java.lang.ClassNotFoundException: uw.edu.fountainejf.SimpleAccountManagerFactory
	at test.AccountManagerTest.setUp(AccountManagerTest.java:83)
Caused by: java.lang.ClassNotFoundException: uw.edu.fountainejf.SimpleAccountManagerFactory
	at test.AccountManagerTest.setUp(AccountManagerTest.java:83)

testRegistration(test.AccountManagerTest)  Time elapsed: 0.054 s  <<< ERROR!
org.springframework.beans.factory.CannotLoadBeanClassException: Cannot find class [uw.edu.fountainejf.SimpleAccountManagerFactory] for bean with name 'AccountManagerFactory' defined in class path resource [context.xml]; nested exception is java.lang.ClassNotFoundException: uw.edu.fountainejf.SimpleAccountManagerFactory
	at test.AccountManagerTest.setUp(AccountManagerTest.java:83)
Caused by: java.lang.ClassNotFoundException: uw.edu.fountainejf.SimpleAccountManagerFactory
	at test.AccountManagerTest.setUp(AccountManagerTest.java:83)

testDeleteAccount(test.AccountManagerTest)  Time elapsed: 0.048 s  <<< ERROR!
org.springframework.beans.factory.CannotLoadBeanClassException: Cannot find class [uw.edu.fountainejf.SimpleAccountManagerFactory] for bean with name 'AccountManagerFactory' defined in class path resource [context.xml]; nested exception is java.lang.ClassNotFoundException: uw.edu.fountainejf.SimpleAccountManagerFactory
	at test.AccountManagerTest.setUp(AccountManagerTest.java:83)
Caused by: java.lang.ClassNotFoundException: uw.edu.fountainejf.SimpleAccountManagerFactory
	at test.AccountManagerTest.setUp(AccountManagerTest.java:83)

testMultipleGetAccount(test.AccountManagerTest)  Time elapsed: 0.034 s  <<< ERROR!
org.springframework.beans.factory.CannotLoadBeanClassException: Cannot find class [uw.edu.fountainejf.SimpleAccountManagerFactory] for bean with name 'AccountManagerFactory' defined in class path resource [context.xml]; nested exception is java.lang.ClassNotFoundException: uw.edu.fountainejf.SimpleAccountManagerFactory
	at test.AccountManagerTest.setUp(AccountManagerTest.java:83)
Caused by: java.lang.ClassNotFoundException: uw.edu.fountainejf.SimpleAccountManagerFactory
	at test.AccountManagerTest.setUp(AccountManagerTest.java:83)

testClose(test.DaoTest)  Time elapsed: 0.072 s  <<< ERROR!
org.springframework.beans.factory.CannotLoadBeanClassException: Cannot find class [uw.edu.fountainejf.SimpleAccountManagerFactory] for bean with name 'AccountManagerFactory' defined in class path resource [context.xml]; nested exception is java.lang.ClassNotFoundException: uw.edu.fountainejf.SimpleAccountManagerFactory
	at test.DaoTest.setUp(DaoTest.java:189)
Caused by: java.lang.ClassNotFoundException: uw.edu.fountainejf.SimpleAccountManagerFactory
	at test.DaoTest.setUp(DaoTest.java:189)

testReset(test.DaoTest)  Time elapsed: 0.037 s  <<< ERROR!
org.springframework.beans.factory.CannotLoadBeanClassException: Cannot find class [uw.edu.fountainejf.SimpleAccountManagerFactory] for bean with name 'AccountManagerFactory' defined in class path resource [context.xml]; nested exception is java.lang.ClassNotFoundException: uw.edu.fountainejf.SimpleAccountManagerFactory
	at test.DaoTest.setUp(DaoTest.java:189)
Caused by: java.lang.ClassNotFoundException: uw.edu.fountainejf.SimpleAccountManagerFactory
	at test.DaoTest.setUp(DaoTest.java:189)

testDelete(test.DaoTest)  Time elapsed: 0.056 s  <<< ERROR!
org.springframework.beans.factory.CannotLoadBeanClassException: Cannot find class [uw.edu.fountainejf.SimpleAccountManagerFactory] for bean with name 'AccountManagerFactory' defined in class path resource [context.xml]; nested exception is java.lang.ClassNotFoundException: uw.edu.fountainejf.SimpleAccountManagerFactory
	at test.DaoTest.setUp(DaoTest.java:189)
Caused by: java.lang.ClassNotFoundException: uw.edu.fountainejf.SimpleAccountManagerFactory
	at test.DaoTest.setUp(DaoTest.java:189)

testReload(test.DaoTest)  Time elapsed: 0.024 s  <<< ERROR!
org.springframework.beans.factory.CannotLoadBeanClassException: Cannot find class [uw.edu.fountainejf.SimpleAccountManagerFactory] for bean with name 'AccountManagerFactory' defined in class path resource [context.xml]; nested exception is java.lang.ClassNotFoundException: uw.edu.fountainejf.SimpleAccountManagerFactory
	at test.DaoTest.setUp(DaoTest.java:189)
Caused by: java.lang.ClassNotFoundException: uw.edu.fountainejf.SimpleAccountManagerFactory
	at test.DaoTest.setUp(DaoTest.java:189)

testSetGet(test.DaoTest)  Time elapsed: 0.053 s  <<< ERROR!
org.springframework.beans.factory.CannotLoadBeanClassException: Cannot find class [uw.edu.fountainejf.SimpleAccountManagerFactory] for bean with name 'AccountManagerFactory' defined in class path resource [context.xml]; nested exception is java.lang.ClassNotFoundException: uw.edu.fountainejf.SimpleAccountManagerFactory
	at test.DaoTest.setUp(DaoTest.java:189)
Caused by: java.lang.ClassNotFoundException: uw.edu.fountainejf.SimpleAccountManagerFactory
	at test.DaoTest.setUp(DaoTest.java:189)

